#
# A fatal error has been detected by the Java Runtime Environment:
#
#  SIGBUS (0xa) at pc=0x0000000106b733cc, pid=857, tid=19203
#
# JRE version: Java(TM) SE Runtime Environment (8.0_25-b17) (build 1.8.0_25-b17)
# Java VM: Java HotSpot(TM) 64-Bit Server VM (25.25-b02 mixed mode bsd-amd64 compressed oops)
# Problematic frame:
# V  [libjvm.dylib+0x5733cc]
#
# Failed to write core dump. Core dumps have been disabled. To enable core dumping, try "ulimit -c unlimited" before starting Java again
#
# If you would like to submit a bug report, please visit:
#   http://bugreport.sun.com/bugreport/crash.jsp
#

---------------  T H R E A D  ---------------

Current thread (0x00007f973983d000):  JavaThread "JDWP Transport Listener: dt_socket" daemon [_thread_in_vm, id=19203, stack(0x0000700000f47000,0x0000700001047000)]

siginfo: si_signo: 10 (SIGBUS), si_code: 2 (BUS_ADRERR), si_addr: 0x000070000011cff8

Registers:
RAX=0x000000076d279e28, RBX=0x00007f973c0c5e10, RCX=0x00007f973b923370, RDX=0x0000000123f8d010
RSP=0x0000700001046130, RBP=0x0000700001046220, RSI=0x000070000011d000, RDI=0x0000700001046190
R8 =0x0000000000000000, R9 =0x0000000106dea5b8, R10=0x00000000ffffffff, R11=0xffffffff00000000
R12=0x000070000011cff0, R13=0x0000000000000000, R14=0x00007f973c0c6410, R15=0x00007000010461c8
RIP=0x0000000106b733cc, EFLAGS=0x0000000000010212, ERR=0x0000000000000004
  TRAPNO=0x000000000000000e

Top of Stack: (sp=0x0000700001046130)
0x0000700001046130:   0000700000219888 0000000107523a0d
0x0000700001046140:   0000000107521310 0000000100000000
0x0000700001046150:   0000700000219930 00007000002198f0
0x0000700001046160:   0000700000219888 0000000107523a0d
0x0000700001046170:   0000000107521310 0000000100000000
0x0000700001046180:   0000700000219930 00007000002198f0
0x0000700001046190:   0000700000219888 0000000107523a0d
0x00007000010461a0:   0000000107521310 0000000100000000
0x00007000010461b0:   0000700000219930 00007000002198f0
0x00007000010461c0:   00007f973b923370 0000700000219888
0x00007000010461d0:   0000000107523a0d 0000000107521310
0x00007000010461e0:   0000000100000000 0000700000219930
0x00007000010461f0:   00007000002198f0 00007f97394296c0
0x0000700001046200:   0000000106dd7310 00007f973c0c5e10
0x0000700001046210:   00007f973c0c5e10 00007f973980a800
0x0000700001046220:   00007000010462f0 00000001069674b0
0x0000700001046230:   0000000000000000 0000000000000000
0x0000700001046240:   00007f973983d000 0000000100000000
0x0000700001046250:   0000000000000000 0000000000000000
0x0000700001046260:   0000000000000000 0000000000000000
0x0000700001046270:   0000000000000000 0000000000000000
0x0000700001046280:   0000000000000000 0000000000000000
0x0000700001046290:   0000000000000000 0000000000000c00
0x00007000010462a0:   00007f97394274d0 00007f973c0c5800
0x00007000010462b0:   00007f973c0c6410 00007f973c0cd7e8
0x00007000010462c0:   00000000000083b0 00007f973980a800
0x00007000010462d0:   0000000106dd7310 00007f973c0c5e10
0x00007000010462e0:   00007f973983d000 0000000000000001
0x00007000010462f0:   0000700001046980 0000000106968460
0x0000700001046300:   00007f9739413900 00007f97394296c0
0x0000700001046310:   0000700001046360 00000001066a2213
0x0000700001046320:   00007f9739413900 00007f973b004910 

Instructions: (pc=0x0000000106b733cc)
0x0000000106b733ac:   48 8b 4b 30 48 89 8d 68 ff ff ff 48 8d bd 40 ff
0x0000000106b733bc:   ff ff 48 89 c6 e8 ae 75 cc ff 4c 8d 7d a8 eb 79
0x0000000106b733cc:   4d 8b 6c 24 08 31 f6 bf 20 00 00 00 e8 bd 7c f3
0x0000000106b733dc:   ff 48 85 c0 74 17 4c 89 28 48 c7 40 10 00 00 00 

Register to memory mapping:

RAX=0x000000076d279e28 is an oop
java.lang.ArrayIndexOutOfBoundsException 
 - klass: 'java/lang/ArrayIndexOutOfBoundsException'
RBX=0x00007f973c0c5e10 is an unknown value
RCX=0x00007f973b923370 is an unknown value
RDX=0x0000000123f8d010 is an unknown value
RSP=0x0000700001046130 is pointing into the stack for thread: 0x00007f973983d000
RBP=0x0000700001046220 is pointing into the stack for thread: 0x00007f973983d000
RSI=0x000070000011d000 is pointing into the stack for thread: 0x00007f973980a800
RDI=0x0000700001046190 is pointing into the stack for thread: 0x00007f973983d000
R8 =0x0000000000000000 is an unknown value
R9 =0x0000000106dea5b8: _ZL8tc_mutex+0x18 in /Library/Java/JavaVirtualMachines/jdk1.8.0_25.jdk/Contents/Home/jre/lib/server/libjvm.dylib at 0x0000000106600000
R10=0x00000000ffffffff is an unknown value
R11=0xffffffff00000000 is an unknown value
R12=0x000070000011cff0 is pointing into the stack for thread: 0x00007f973980a800
R13=0x0000000000000000 is an unknown value
R14=0x00007f973c0c6410 is an unknown value
R15=0x00007000010461c8 is pointing into the stack for thread: 0x00007f973983d000


Stack: [0x0000700000f47000,0x0000700001047000],  sp=0x0000700001046130,  free space=1020k
Native frames: (J=compiled Java code, j=interpreted, Vv=VM code, C=native code)
V  [libjvm.dylib+0x5733cc]
V  [libjvm.dylib+0x3674b0]
V  [libjvm.dylib+0x368460]
V  [libjvm.dylib+0x364f07]
V  [libjvm.dylib+0x33a74d]
C  [libjdwp.dylib+0x8570]  ownedMonitors+0xe7
C  [libjdwp.dylib+0xe8f6]  debugLoop_run+0x1ce
C  [libjdwp.dylib+0x1f716]  attachThread+0x4d
V  [libjvm.dylib+0x3762ce]
V  [libjvm.dylib+0x535ed9]
V  [libjvm.dylib+0x53761c]
V  [libjvm.dylib+0x45d87e]
C  [libsystem_pthread.dylib+0x3c13]  _pthread_body+0x83
C  [libsystem_pthread.dylib+0x3b90]  _pthread_body+0x0
C  [libsystem_pthread.dylib+0x1375]  thread_start+0xd
C  0x0000000000000000


---------------  P R O C E S S  ---------------

Java Threads: ( => current thread )
  0x00007f973c035000 JavaThread "Service Thread" daemon [_thread_blocked, id=22787, stack(0x000070000165c000,0x000070000175c000)]
  0x00007f973c816800 JavaThread "C1 CompilerThread3" daemon [_thread_blocked, id=22275, stack(0x0000700001559000,0x0000700001659000)]
  0x00007f973c813000 JavaThread "C2 CompilerThread2" daemon [_thread_blocked, id=21763, stack(0x0000700001456000,0x0000700001556000)]
  0x00007f973c816000 JavaThread "C2 CompilerThread1" daemon [_thread_blocked, id=21251, stack(0x0000700001353000,0x0000700001453000)]
  0x00007f973b823800 JavaThread "C2 CompilerThread0" daemon [_thread_blocked, id=20739, stack(0x0000700001250000,0x0000700001350000)]
  0x00007f973c814000 JavaThread "JDWP Command Reader" daemon [_thread_in_native, id=20227, stack(0x000070000114d000,0x000070000124d000)]
  0x00007f973c02d800 JavaThread "JDWP Event Helper Thread" daemon [_thread_blocked, id=19715, stack(0x000070000104a000,0x000070000114a000)]
=>0x00007f973983d000 JavaThread "JDWP Transport Listener: dt_socket" daemon [_thread_in_vm, id=19203, stack(0x0000700000f47000,0x0000700001047000)]
  0x00007f9739814800 JavaThread "Signal Dispatcher" daemon [_thread_blocked, id=14863, stack(0x0000700000e44000,0x0000700000f44000)]
  0x00007f973c80a800 JavaThread "Finalizer" daemon [_thread_blocked, id=14339, stack(0x0000700000c3b000,0x0000700000d3b000)]
  0x00007f973c809800 JavaThread "Reference Handler" daemon [_thread_blocked, id=13827, stack(0x0000700000b38000,0x0000700000c38000)]
  0x00007f973980a800 JavaThread "main" [_thread_blocked, id=5891, stack(0x000070000011a000,0x000070000021a000)]

Other Threads:
  0x00007f973c805000 VMThread [stack: 0x0000700000a35000,0x0000700000b35000] [id=13315]
  0x00007f9739828000 WatcherThread [stack: 0x000070000175f000,0x000070000185f000] [id=23299]

VM state:not at safepoint (normal execution)

VM Mutex/Monitor currently owned by a thread: None

Heap:
 PSYoungGen      total 76288K, used 40638K [0x000000076ab00000, 0x0000000770000000, 0x00000007c0000000)
  eden space 65536K, 62% used [0x000000076ab00000,0x000000076d2afaf0,0x000000076eb00000)
  from space 10752K, 0% used [0x000000076f580000,0x000000076f580000,0x0000000770000000)
  to   space 10752K, 0% used [0x000000076eb00000,0x000000076eb00000,0x000000076f580000)
 ParOldGen       total 175104K, used 0K [0x00000006c0000000, 0x00000006cab00000, 0x000000076ab00000)
  object space 175104K, 0% used [0x00000006c0000000,0x00000006c0000000,0x00000006cab00000)
 Metaspace       used 2828K, capacity 4562K, committed 4864K, reserved 1056768K
  class space    used 304K, capacity 386K, committed 512K, reserved 1048576K

Card table byte_map: [0x00000001168dc000,0x00000001170dd000] byte_map_base: 0x00000001132dc000

Marking Bits: (ParMarkBitMap*) 0x0000000106e9d390
 Begin Bits: [0x0000000117633000, 0x000000011b633000)
 End Bits:   [0x000000011b633000, 0x000000011f633000)

Polling page: 0x000000010557a000

CodeCache: size=245760Kb used=1187Kb max_used=1200Kb free=244572Kb
 bounds [0x000000010751c000, 0x000000010778c000, 0x000000011651c000]
 total_blobs=284 nmethods=56 adapters=151
 compilation: enabled

Compilation events (10 events):
Event: 0.287 Thread 0x00007f973b823800   53       4       java.util.Arrays::copyOfRange (63 bytes)
Event: 0.288 Thread 0x00007f973c816000 nmethod 50 0x0000000107641890 code [0x0000000107641a00, 0x0000000107641d18]
Event: 0.288 Thread 0x00007f973c816000   54       4       java.lang.String::<init> (62 bytes)
Event: 0.289 Thread 0x00007f973b823800 nmethod 53 0x0000000107643e50 code [0x0000000107643fa0, 0x0000000107644198]
Event: 0.289 Thread 0x00007f973b823800   55       4       java.io.UnixFileSystem::resolve (103 bytes)
Event: 0.289 Thread 0x00007f973c813000 nmethod 51 0x0000000107640dd0 code [0x0000000107640f40, 0x0000000107641478]
Event: 0.289 Thread 0x00007f973c813000   56       4       java.io.File::<init> (80 bytes)
Event: 0.291 Thread 0x00007f973c816000 nmethod 54 0x0000000107640790 code [0x0000000107640900, 0x0000000107640c18]
Event: 0.295 Thread 0x00007f973b823800 nmethod 55 0x0000000107645e50 code [0x0000000107646000, 0x0000000107646978]
Event: 0.297 Thread 0x00007f973c813000 nmethod 56 0x0000000107644bd0 code [0x0000000107644da0, 0x0000000107645878]

GC Heap History (0 events):
No events

Deoptimization events (0 events):
No events

Internal exceptions (5 events):
Event: 0.034 Thread 0x00007f973980a800 Exception <a 'java/lang/NoSuchMethodError': Method sun.misc.Unsafe.defineClass(Ljava/lang/String;[BII)Ljava/lang/Class; name or signature does not match> (0x000000076ab11fe0) thrown at [/HUDSON3/workspace/8-2-build-macosx-x86_64/jdk8u25/1514/hotspot/src/s
Event: 0.034 Thread 0x00007f973980a800 Exception <a 'java/lang/NoSuchMethodError': Method sun.misc.Unsafe.prefetchRead(Ljava/lang/Object;J)V name or signature does not match> (0x000000076ab12270) thrown at [/HUDSON3/workspace/8-2-build-macosx-x86_64/jdk8u25/1514/hotspot/src/share/vm/prims/jni.
Event: 0.189 Thread 0x00007f973980a800 Exception <a 'java/security/PrivilegedActionException'> (0x000000076aba9280) thrown at [/HUDSON3/workspace/8-2-build-macosx-x86_64/jdk8u25/1514/hotspot/src/share/vm/prims/jvm.cpp, line 1312]
Event: 0.193 Thread 0x00007f973980a800 Exception <a 'java/security/PrivilegedActionException'> (0x000000076abaf940) thrown at [/HUDSON3/workspace/8-2-build-macosx-x86_64/jdk8u25/1514/hotspot/src/share/vm/prims/jvm.cpp, line 1312]
Event: 0.308 Thread 0x00007f973980a800 Exception <a 'java/lang/ArrayIndexOutOfBoundsException': 2> (0x000000076d279e28) thrown at [/HUDSON3/workspace/8-2-build-macosx-x86_64/jdk8u25/1514/hotspot/src/share/vm/interpreter/interpreterRuntime.cpp, line 366]

Events (10 events):
Event: 76.537 Executing VM operation: RedefineClasses
Event: 76.538 Executing VM operation: RedefineClasses done
Event: 76.539 Executing VM operation: EnterInterpOnlyMode
Event: 76.539 Executing VM operation: EnterInterpOnlyMode done
Event: 76.539 Executing VM operation: GetCurrentLocation
Event: 76.539 Executing VM operation: GetCurrentLocation done
Event: 76.539 Executing VM operation: ChangeSingleStep
Event: 76.540 Executing VM operation: ChangeSingleStep done
Event: 76.540 Executing VM operation: ChangeSingleStep
Event: 76.540 Executing VM operation: ChangeSingleStep done


Dynamic libraries:
0x0000000000200000 	/System/Library/Frameworks/Cocoa.framework/Versions/A/Cocoa
0x0000000000200000 	/System/Library/Frameworks/Security.framework/Versions/A/Security
0x0000000000200000 	/System/Library/Frameworks/ApplicationServices.framework/Versions/A/ApplicationServices
0x0000000000200000 	/usr/lib/libz.1.dylib
0x0000000000200000 	/usr/lib/libSystem.B.dylib
0x0000000000200000 	/usr/lib/libobjc.A.dylib
0x0000000000200000 	/System/Library/Frameworks/CoreFoundation.framework/Versions/A/CoreFoundation
0x0000000000200000 	/System/Library/Frameworks/Foundation.framework/Versions/C/Foundation
0x0000000000200000 	/System/Library/Frameworks/AppKit.framework/Versions/C/AppKit
0x0000000000200000 	/System/Library/Frameworks/CoreData.framework/Versions/A/CoreData
0x0000000000200000 	/System/Library/PrivateFrameworks/RemoteViewServices.framework/Versions/A/RemoteViewServices
0x0000000000200000 	/System/Library/PrivateFrameworks/UIFoundation.framework/Versions/A/UIFoundation
0x0000000000200000 	/usr/lib/libScreenReader.dylib
0x0000000000200000 	/System/Library/Frameworks/Accelerate.framework/Versions/A/Accelerate
0x0000000000200000 	/System/Library/Frameworks/IOSurface.framework/Versions/A/IOSurface
0x0000000000200000 	/System/Library/Frameworks/AudioToolbox.framework/Versions/A/AudioToolbox
0x0000000000200000 	/System/Library/Frameworks/AudioUnit.framework/Versions/A/AudioUnit
0x0000000000200000 	/System/Library/PrivateFrameworks/DataDetectorsCore.framework/Versions/A/DataDetectorsCore
0x0000000000200000 	/System/Library/PrivateFrameworks/DesktopServicesPriv.framework/Versions/A/DesktopServicesPriv
0x0000000000200000 	/System/Library/Frameworks/Carbon.framework/Versions/A/Frameworks/HIToolbox.framework/Versions/A/HIToolbox
0x0000000000200000 	/System/Library/Frameworks/QuartzCore.framework/Versions/A/QuartzCore
0x0000000000200000 	/System/Library/Frameworks/Carbon.framework/Versions/A/Frameworks/SpeechRecognition.framework/Versions/A/SpeechRecognition
0x0000000000200000 	/usr/lib/libauto.dylib
0x0000000000200000 	/usr/lib/libicucore.A.dylib
0x0000000000200000 	/usr/lib/libxml2.2.dylib
0x0000000000200000 	/System/Library/PrivateFrameworks/CoreUI.framework/Versions/A/CoreUI
0x0000000000200000 	/System/Library/Frameworks/CoreAudio.framework/Versions/A/CoreAudio
0x0000000000200000 	/System/Library/Frameworks/DiskArbitration.framework/Versions/A/DiskArbitration
0x0000000000200000 	/usr/lib/liblangid.dylib
0x0000000000200000 	/System/Library/PrivateFrameworks/MultitouchSupport.framework/Versions/A/MultitouchSupport
0x0000000000200000 	/System/Library/Frameworks/IOKit.framework/Versions/A/IOKit
0x0000000000200000 	/usr/lib/libDiagnosticMessagesClient.dylib
0x0000000000200000 	/System/Library/Frameworks/CoreServices.framework/Versions/A/CoreServices
0x0000000000200000 	/System/Library/PrivateFrameworks/PerformanceAnalysis.framework/Versions/A/PerformanceAnalysis
0x0000000000200000 	/System/Library/PrivateFrameworks/GenerationalStorage.framework/Versions/A/GenerationalStorage
0x0000000000200000 	/System/Library/Frameworks/OpenGL.framework/Versions/A/OpenGL
0x0000000000200000 	/System/Library/PrivateFrameworks/Sharing.framework/Versions/A/Sharing
0x0000000000200000 	/System/Library/Frameworks/CoreGraphics.framework/Versions/A/CoreGraphics
0x0000000000200000 	/System/Library/Frameworks/CoreImage.framework/Versions/A/CoreImage
0x0000000000200000 	/System/Library/Frameworks/CoreText.framework/Versions/A/CoreText
0x0000000000200000 	/System/Library/Frameworks/ImageIO.framework/Versions/A/ImageIO
0x0000000000200000 	/System/Library/PrivateFrameworks/Backup.framework/Versions/A/Backup
0x0000000000200000 	/usr/lib/libextension.dylib
0x0000000000200000 	/usr/lib/libarchive.2.dylib
0x0000000000200000 	/System/Library/Frameworks/CFNetwork.framework/Versions/A/CFNetwork
0x0000000000200000 	/System/Library/Frameworks/SystemConfiguration.framework/Versions/A/SystemConfiguration
0x0000000000200000 	/usr/lib/libCRFSuite.dylib
0x0000000000200000 	/usr/lib/libc++.1.dylib
0x0000000000200000 	/usr/lib/libc++abi.dylib
0x0000000000200000 	/usr/lib/system/libcache.dylib
0x0000000000200000 	/usr/lib/system/libcommonCrypto.dylib
0x0000000000200000 	/usr/lib/system/libcompiler_rt.dylib
0x0000000000200000 	/usr/lib/system/libcopyfile.dylib
0x0000000000200000 	/usr/lib/system/libcorecrypto.dylib
0x0000000000200000 	/usr/lib/system/libdispatch.dylib
0x0000000000200000 	/usr/lib/system/libdyld.dylib
0x0000000000200000 	/usr/lib/system/libkeymgr.dylib
0x0000000000200000 	/usr/lib/system/liblaunch.dylib
0x0000000000200000 	/usr/lib/system/libmacho.dylib
0x0000000000200000 	/usr/lib/system/libquarantine.dylib
0x0000000000200000 	/usr/lib/system/libremovefile.dylib
0x0000000000200000 	/usr/lib/system/libsystem_asl.dylib
0x0000000000200000 	/usr/lib/system/libsystem_blocks.dylib
0x0000000000200000 	/usr/lib/system/libsystem_c.dylib
0x0000000000200000 	/usr/lib/system/libsystem_configuration.dylib
0x0000000000200000 	/usr/lib/system/libsystem_coreservices.dylib
0x0000000000200000 	/usr/lib/system/libsystem_coretls.dylib
0x0000000000200000 	/usr/lib/system/libsystem_dnssd.dylib
0x0000000000200000 	/usr/lib/system/libsystem_info.dylib
0x0000000000200000 	/usr/lib/system/libsystem_kernel.dylib
0x0000000000200000 	/usr/lib/system/libsystem_m.dylib
0x0000000000200000 	/usr/lib/system/libsystem_malloc.dylib
0x0000000000200000 	/usr/lib/system/libsystem_network.dylib
0x0000000000200000 	/usr/lib/system/libsystem_networkextension.dylib
0x0000000000200000 	/usr/lib/system/libsystem_notify.dylib
0x0000000000200000 	/usr/lib/system/libsystem_platform.dylib
0x0000000000200000 	/usr/lib/system/libsystem_pthread.dylib
0x0000000000200000 	/usr/lib/system/libsystem_sandbox.dylib
0x0000000000200000 	/usr/lib/system/libsystem_secinit.dylib
0x0000000000200000 	/usr/lib/system/libsystem_trace.dylib
0x0000000000200000 	/usr/lib/system/libunc.dylib
0x0000000000200000 	/usr/lib/system/libunwind.dylib
0x0000000000200000 	/usr/lib/system/libxpc.dylib
0x0000000000200000 	/usr/lib/libenergytrace.dylib
0x0000000000200000 	/usr/lib/libbsm.0.dylib
0x0000000000200000 	/usr/lib/system/libkxld.dylib
0x0000000000200000 	/usr/lib/libxar.1.dylib
0x0000000000200000 	/usr/lib/libsqlite3.dylib
0x0000000000200000 	/usr/lib/libpam.2.dylib
0x0000000000200000 	/usr/lib/libOpenScriptingUtil.dylib
0x0000000000200000 	/usr/lib/libbz2.1.0.dylib
0x0000000000200000 	/usr/lib/liblzma.5.dylib
0x0000000000200000 	/System/Library/Frameworks/CoreServices.framework/Versions/A/Frameworks/FSEvents.framework/Versions/A/FSEvents
0x0000000000200000 	/System/Library/Frameworks/CoreServices.framework/Versions/A/Frameworks/CarbonCore.framework/Versions/A/CarbonCore
0x0000000000200000 	/System/Library/Frameworks/CoreServices.framework/Versions/A/Frameworks/Metadata.framework/Versions/A/Metadata
0x0000000000200000 	/System/Library/Frameworks/CoreServices.framework/Versions/A/Frameworks/OSServices.framework/Versions/A/OSServices
0x0000000000200000 	/System/Library/Frameworks/CoreServices.framework/Versions/A/Frameworks/SearchKit.framework/Versions/A/SearchKit
0x0000000000200000 	/System/Library/Frameworks/CoreServices.framework/Versions/A/Frameworks/AE.framework/Versions/A/AE
0x0000000000200000 	/System/Library/Frameworks/CoreServices.framework/Versions/A/Frameworks/LaunchServices.framework/Versions/A/LaunchServices
0x0000000000200000 	/System/Library/Frameworks/CoreServices.framework/Versions/A/Frameworks/DictionaryServices.framework/Versions/A/DictionaryServices
0x0000000000200000 	/System/Library/Frameworks/CoreServices.framework/Versions/A/Frameworks/SharedFileList.framework/Versions/A/SharedFileList
0x0000000000200000 	/System/Library/Frameworks/NetFS.framework/Versions/A/NetFS
0x0000000000200000 	/System/Library/PrivateFrameworks/NetAuth.framework/Versions/A/NetAuth
0x0000000000200000 	/System/Library/PrivateFrameworks/login.framework/Versions/A/Frameworks/loginsupport.framework/Versions/A/loginsupport
0x0000000000200000 	/System/Library/PrivateFrameworks/TCC.framework/Versions/A/TCC
0x0000000000200000 	/usr/lib/libmecabra.dylib
0x0000000000200000 	/System/Library/Frameworks/ApplicationServices.framework/Versions/A/Frameworks/ATS.framework/Versions/A/ATS
0x0000000000200000 	/System/Library/Frameworks/ApplicationServices.framework/Versions/A/Frameworks/ColorSync.framework/Versions/A/ColorSync
0x0000000000200000 	/System/Library/Frameworks/ApplicationServices.framework/Versions/A/Frameworks/HIServices.framework/Versions/A/HIServices
0x0000000000200000 	/System/Library/Frameworks/ApplicationServices.framework/Versions/A/Frameworks/LangAnalysis.framework/Versions/A/LangAnalysis
0x0000000000200000 	/System/Library/Frameworks/ApplicationServices.framework/Versions/A/Frameworks/PrintCore.framework/Versions/A/PrintCore
0x0000000000200000 	/System/Library/Frameworks/ApplicationServices.framework/Versions/A/Frameworks/QD.framework/Versions/A/QD
0x0000000000200000 	/System/Library/Frameworks/ApplicationServices.framework/Versions/A/Frameworks/SpeechSynthesis.framework/Versions/A/SpeechSynthesis
0x0000000000200000 	/System/Library/Frameworks/Metal.framework/Versions/A/Metal
0x0000000000200000 	/System/Library/Frameworks/Accelerate.framework/Versions/A/Frameworks/vImage.framework/Versions/A/vImage
0x0000000000200000 	/System/Library/Frameworks/Accelerate.framework/Versions/A/Frameworks/vecLib.framework/Versions/A/vecLib
0x0000000000200000 	/System/Library/Frameworks/Accelerate.framework/Versions/A/Frameworks/vecLib.framework/Versions/A/libvDSP.dylib
0x0000000000200000 	/System/Library/Frameworks/Accelerate.framework/Versions/A/Frameworks/vecLib.framework/Versions/A/libvMisc.dylib
0x0000000000200000 	/System/Library/Frameworks/Accelerate.framework/Versions/A/Frameworks/vecLib.framework/Versions/A/libLAPACK.dylib
0x0000000000200000 	/System/Library/Frameworks/Accelerate.framework/Versions/A/Frameworks/vecLib.framework/Versions/A/libBLAS.dylib
0x0000000000200000 	/System/Library/Frameworks/Accelerate.framework/Versions/A/Frameworks/vecLib.framework/Versions/A/libLinearAlgebra.dylib
0x0000000000200000 	/System/Library/Frameworks/Accelerate.framework/Versions/A/Frameworks/vecLib.framework/Versions/A/libSparseBLAS.dylib
0x0000000000200000 	/System/Library/PrivateFrameworks/GPUCompiler.framework/libmetal_timestamp.dylib
0x0000000000200000 	/System/Library/Frameworks/OpenGL.framework/Versions/A/Libraries/libCoreFSCache.dylib
0x0000000000200000 	/System/Library/PrivateFrameworks/IOAccelerator.framework/Versions/A/IOAccelerator
0x0000000000200000 	/System/Library/Frameworks/ApplicationServices.framework/Versions/A/Frameworks/ATS.framework/Versions/A/Resources/libFontParser.dylib
0x0000000000200000 	/System/Library/Frameworks/ApplicationServices.framework/Versions/A/Frameworks/ATS.framework/Versions/A/Resources/libFontRegistry.dylib
0x0000000000200000 	/System/Library/PrivateFrameworks/AppleVPA.framework/Versions/A/AppleVPA
0x0000000000200000 	/System/Library/PrivateFrameworks/AppleJPEG.framework/Versions/A/AppleJPEG
0x0000000000200000 	/System/Library/Frameworks/ImageIO.framework/Versions/A/Resources/libJPEG.dylib
0x0000000000200000 	/System/Library/Frameworks/ImageIO.framework/Versions/A/Resources/libTIFF.dylib
0x0000000000200000 	/System/Library/Frameworks/ImageIO.framework/Versions/A/Resources/libPng.dylib
0x0000000000200000 	/System/Library/Frameworks/ImageIO.framework/Versions/A/Resources/libGIF.dylib
0x0000000000200000 	/System/Library/Frameworks/ImageIO.framework/Versions/A/Resources/libJP2.dylib
0x0000000000200000 	/System/Library/Frameworks/ImageIO.framework/Versions/A/Resources/libRadiance.dylib
0x0000000000200000 	/System/Library/Frameworks/CoreVideo.framework/Versions/A/CoreVideo
0x0000000000200000 	/System/Library/Frameworks/OpenGL.framework/Versions/A/Libraries/libGLU.dylib
0x0000000000200000 	/System/Library/Frameworks/OpenGL.framework/Versions/A/Libraries/libGFXShared.dylib
0x0000000000200000 	/System/Library/Frameworks/OpenGL.framework/Versions/A/Libraries/libGL.dylib
0x0000000000200000 	/System/Library/Frameworks/OpenGL.framework/Versions/A/Libraries/libGLImage.dylib
0x0000000000200000 	/System/Library/Frameworks/OpenGL.framework/Versions/A/Libraries/libCVMSPluginSupport.dylib
0x0000000000200000 	/System/Library/Frameworks/OpenGL.framework/Versions/A/Libraries/libCoreVMClient.dylib
0x0000000000200000 	/usr/lib/libcups.2.dylib
0x0000000000200000 	/System/Library/Frameworks/Kerberos.framework/Versions/A/Kerberos
0x0000000000200000 	/System/Library/Frameworks/GSS.framework/Versions/A/GSS
0x0000000000200000 	/usr/lib/libresolv.9.dylib
0x0000000000200000 	/usr/lib/libiconv.2.dylib
0x0000000000200000 	/System/Library/PrivateFrameworks/Heimdal.framework/Versions/A/Heimdal
0x0000000000200000 	/usr/lib/libheimdal-asn1.dylib
0x0000000000200000 	/System/Library/Frameworks/OpenDirectory.framework/Versions/A/OpenDirectory
0x0000000000200000 	/System/Library/PrivateFrameworks/CommonAuth.framework/Versions/A/CommonAuth
0x0000000000200000 	/System/Library/Frameworks/OpenDirectory.framework/Versions/A/Frameworks/CFOpenDirectory.framework/Versions/A/CFOpenDirectory
0x0000000000200000 	/System/Library/Frameworks/SecurityFoundation.framework/Versions/A/SecurityFoundation
0x0000000000200000 	/System/Library/PrivateFrameworks/LanguageModeling.framework/Versions/A/LanguageModeling
0x0000000000200000 	/usr/lib/libmarisa.dylib
0x0000000000200000 	/usr/lib/libChineseTokenizer.dylib
0x0000000000200000 	/usr/lib/libcmph.dylib
0x0000000000200000 	/usr/lib/libcompression.dylib
0x0000000000200000 	/System/Library/Frameworks/ServiceManagement.framework/Versions/A/ServiceManagement
0x0000000000200000 	/usr/lib/libxslt.1.dylib
0x0000000000200000 	/System/Library/Frameworks/Carbon.framework/Versions/A/Frameworks/Ink.framework/Versions/A/Ink
0x0000000000200000 	/usr/lib/libFosl_dynamic.dylib
0x0000000000200000 	/System/Library/PrivateFrameworks/FaceCore.framework/Versions/A/FaceCore
0x0000000000200000 	/System/Library/Frameworks/OpenCL.framework/Versions/A/OpenCL
0x0000000000200000 	/System/Library/PrivateFrameworks/CrashReporterSupport.framework/Versions/A/CrashReporterSupport
0x0000000000200000 	/System/Library/PrivateFrameworks/IconServices.framework/Versions/A/IconServices
0x0000000000200000 	/System/Library/PrivateFrameworks/Apple80211.framework/Versions/A/Apple80211
0x0000000000200000 	/System/Library/Frameworks/CoreWLAN.framework/Versions/A/CoreWLAN
0x0000000000200000 	/System/Library/Frameworks/IOBluetooth.framework/Versions/A/IOBluetooth
0x0000000000200000 	/System/Library/PrivateFrameworks/CoreWiFi.framework/Versions/A/CoreWiFi
0x0000000000200000 	/System/Library/Frameworks/CoreBluetooth.framework/Versions/A/CoreBluetooth
0x0000000000200000 	/System/Library/PrivateFrameworks/ChunkingLibrary.framework/Versions/A/ChunkingLibrary
0x0000000000200000 	/System/Library/PrivateFrameworks/DebugSymbols.framework/Versions/A/DebugSymbols
0x0000000000200000 	/System/Library/PrivateFrameworks/CoreSymbolication.framework/Versions/A/CoreSymbolication
0x0000000000200000 	/System/Library/PrivateFrameworks/Symbolication.framework/Versions/A/Symbolication
0x0000000000200000 	/System/Library/PrivateFrameworks/SpeechRecognitionCore.framework/Versions/A/SpeechRecognitionCore
0x0000000106600000 	/Library/Java/JavaVirtualMachines/jdk1.8.0_25.jdk/Contents/Home/jre/lib/server/libjvm.dylib
0x0000000000200000 	/usr/lib/libstdc++.6.dylib
0x0000000105538000 	/Library/Java/JavaVirtualMachines/jdk1.8.0_25.jdk/Contents/Home/jre/lib/libverify.dylib
0x0000000105546000 	/Library/Java/JavaVirtualMachines/jdk1.8.0_25.jdk/Contents/Home/jre/lib/libjava.dylib
0x000000010557b000 	/Library/Java/JavaVirtualMachines/jdk1.8.0_25.jdk/Contents/Home/jre/lib/libjdwp.dylib
0x00000001055c6000 	/Library/Java/JavaVirtualMachines/jdk1.8.0_25.jdk/Contents/Home/jre/lib/libnpt.dylib
0x00000001055d3000 	/Library/Java/JavaVirtualMachines/jdk1.8.0_25.jdk/Contents/Home/jre/lib/libzip.dylib
0x00000001225ae000 	/System/Library/Frameworks/JavaVM.framework/Frameworks/JavaRuntimeSupport.framework/JavaRuntimeSupport
0x00000001225c9000 	/System/Library/Frameworks/JavaVM.framework/Versions/A/Frameworks/JavaNativeFoundation.framework/Versions/A/JavaNativeFoundation
0x00000001225de000 	/System/Library/Frameworks/JavaVM.framework/Versions/A/JavaVM
0x0000000000200000 	/System/Library/Frameworks/Carbon.framework/Versions/A/Carbon
0x00000001225eb000 	/System/Library/PrivateFrameworks/JavaLaunching.framework/Versions/A/JavaLaunching
0x0000000000200000 	/System/Library/Frameworks/Carbon.framework/Versions/A/Frameworks/CommonPanels.framework/Versions/A/CommonPanels
0x0000000000200000 	/System/Library/Frameworks/Carbon.framework/Versions/A/Frameworks/Help.framework/Versions/A/Help
0x0000000000200000 	/System/Library/Frameworks/Carbon.framework/Versions/A/Frameworks/ImageCapture.framework/Versions/A/ImageCapture
0x0000000000200000 	/System/Library/Frameworks/Carbon.framework/Versions/A/Frameworks/OpenScripting.framework/Versions/A/OpenScripting
0x0000000000200000 	/System/Library/Frameworks/Carbon.framework/Versions/A/Frameworks/Print.framework/Versions/A/Print
0x0000000000200000 	/System/Library/Frameworks/Carbon.framework/Versions/A/Frameworks/SecurityHI.framework/Versions/A/SecurityHI
0x0000000123f0a000 	/Library/Java/JavaVirtualMachines/jdk1.8.0_25.jdk/Contents/Home/jre/lib/libdt_socket.dylib

VM Arguments:
jvm_args: -agentlib:jdwp=transport=dt_socket,suspend=y,address=localhost:50496 -Dfile.encoding=UTF-8 
java_command: elasticSearch.PrecisionRecall
java_class_path (initial): /Users/Simone/git/AGIW/bin:/ElasticSearch/t-digest-3.0.jar:/ElasticSearch/spatial4j-0.5.jar:/ElasticSearch/snakeyaml-1.15.jar:/ElasticSearch/securesm-1.0.jar:/ElasticSearch/netty-3.10.5.Final.jar:/ElasticSearch/lucene-suggest-5.4.1.jar:/ElasticSearch/lucene-spatial3d-5.4.1.jar:/ElasticSearch/lucene-spatial-5.4.1.jar:/ElasticSearch/lucene-sandbox-5.4.1.jar:/ElasticSearch/lucene-queryparser-5.4.1.jar:/ElasticSearch/lucene-queries-5.4.1.jar:/ElasticSearch/lucene-misc-5.4.1.jar:/ElasticSearch/lucene-memory-5.4.1.jar:/ElasticSearch/lucene-join-5.4.1.jar:/ElasticSearch/lucene-highlighter-5.4.1.jar:/ElasticSearch/lucene-grouping-5.4.1.jar:/ElasticSearch/lucene-core-5.4.1.jar:/ElasticSearch/lucene-backward-codecs-5.4.1.jar:/ElasticSearch/lucene-analyzers-common-5.4.1.jar:/ElasticSearch/log4j-1.2.17.jar:/ElasticSearch/jts-1.13.jar:/ElasticSearch/jsr166e-1.1.0.jar:/ElasticSearch/joda-time-2.8.2.jar:/ElasticSearch/joda-convert-1.2.jar:/ElasticSearch/jna-4.1.0.jar:/ElasticSearch/jackson-dataformat-yaml-2.6.2.jar:/ElasticSearch/jackson-dataformat-smile-2.6.2.jar:/ElasticSearch/jackson-dataformat-cbor-2.6.2.jar:/ElasticSearch/jackson-core-2.6.2.jar:/ElasticSearch/hppc-0.7.1.jar:/ElasticSearch/HdrHistogram-2.1.6.jar:/ElasticSearch/guava-18.0.jar:/ElasticSearch/elasticsearch-2.2.1.jar:/ElasticSearch/compress-lzf-1.0.2.jar:/ElasticSearch/compiler-0.8.13.jar:/ElasticSearch/commons-cli-1.3.1.jar:/ElasticSearch/apache-log4j-extras-1.2.17.jar:/ElasticSearch/jsoup-1.8.3.jar:/ElasticSearch/azure-bing-search-java-0.12.0.jar
Launcher Type: SUN_STANDARD

Environment Variables:
PATH=/usr/bin:/bin:/usr/sbin:/sbin
SHELL=/bin/bash
DISPLAY=/private/tmp/com.apple.launchd.6u4GBpyKxv/org.macosforge.xquartz:0

Signal Handlers:
SIGSEGV: [libjvm.dylib+0x579dc7], sa_mask[0]=11111111011111110111111111111111, sa_flags=SA_ONSTACK|SA_RESTART|SA_SIGINFO
SIGBUS: [libjvm.dylib+0x579dc7], sa_mask[0]=11111111011111110111111111111111, sa_flags=SA_RESTART|SA_SIGINFO
SIGFPE: [libjvm.dylib+0x45b030], sa_mask[0]=11111111011111110111111111111111, sa_flags=SA_RESTART|SA_SIGINFO
SIGPIPE: [libjvm.dylib+0x45b030], sa_mask[0]=11111111011111110111111111111111, sa_flags=SA_RESTART|SA_SIGINFO
SIGXFSZ: [libjvm.dylib+0x45b030], sa_mask[0]=11111111011111110111111111111111, sa_flags=SA_RESTART|SA_SIGINFO
SIGILL: [libjvm.dylib+0x45b030], sa_mask[0]=11111111011111110111111111111111, sa_flags=SA_RESTART|SA_SIGINFO
SIGUSR1: SIG_DFL, sa_mask[0]=00000000000000000000000000000000, sa_flags=none
SIGUSR2: [libjvm.dylib+0x45ab4e], sa_mask[0]=00100000000000000000000000000000, sa_flags=SA_RESTART|SA_SIGINFO
SIGHUP: [libjvm.dylib+0x459121], sa_mask[0]=11111111011111110111111111111111, sa_flags=SA_RESTART|SA_SIGINFO
SIGINT: [libjvm.dylib+0x459121], sa_mask[0]=11111111011111110111111111111111, sa_flags=SA_RESTART|SA_SIGINFO
SIGTERM: [libjvm.dylib+0x459121], sa_mask[0]=11111111011111110111111111111111, sa_flags=SA_RESTART|SA_SIGINFO
SIGQUIT: [libjvm.dylib+0x459121], sa_mask[0]=11111111011111110111111111111111, sa_flags=SA_RESTART|SA_SIGINFO


---------------  S Y S T E M  ---------------

OS:Bsduname:Darwin 15.3.0 Darwin Kernel Version 15.3.0: Thu Dec 10 18:40:58 PST 2015; root:xnu-3248.30.4~1/RELEASE_X86_64 x86_64
rlimit: STACK 8192k, CORE 0k, NPROC 709, NOFILE 10240, AS infinity
load average:2.47 2.07 1.91

CPU:total 8 (4 cores per cpu, 2 threads per core) family 6 model 70 stepping 1, cmov, cx8, fxsr, mmx, sse, sse2, sse3, ssse3, sse4.1, sse4.2, popcnt, avx, avx2, aes, clmul, erms, lzcnt, ht, tsc, tscinvbit, bmi1, bmi2

Memory: 4k page, physical 16777216k(2445892k free)

/proc/meminfo:


vm_info: Java HotSpot(TM) 64-Bit Server VM (25.25-b02) for bsd-amd64 JRE (1.8.0_25-b17), built on Sep 17 2014 16:56:50 by "java_re" with gcc 4.2.1 (Based on Apple Inc. build 5658) (LLVM build 2336.11.00)

time: Thu Apr  7 12:16:30 2016
elapsed time: 76 seconds (0d 0h 1m 16s)

